<?xml version="1.0" encoding="UTF-8"?>
<testng-results skipped="0" failed="1" total="2" passed="1">
  <reporter-output>
  </reporter-output>
  <suite name="Suite" duration-ms="45685" started-at="2018-10-16T10:45:55Z" finished-at="2018-10-16T10:46:40Z">
    <groups>
    </groups>
    <test name="Test" duration-ms="45685" started-at="2018-10-16T10:45:55Z" finished-at="2018-10-16T10:46:40Z">
      <class name="com.tests.PHPTravelsTest">
        <test-method status="PASS" signature="openTheApplication()[pri:0, instance:com.tests.PHPTravelsTest@7cf10a6f]" name="openTheApplication" is-config="true" duration-ms="5021" started-at="2018-10-16T16:15:55Z" finished-at="2018-10-16T16:16:00Z">
          <reporter-output>
          </reporter-output>
        </test-method> <!-- openTheApplication -->
        <test-method status="PASS" signature="validAdminTest()[pri:0, instance:com.tests.PHPTravelsTest@7cf10a6f]" name="validAdminTest" duration-ms="30091" started-at="2018-10-16T16:16:00Z" finished-at="2018-10-16T16:16:30Z">
          <reporter-output>
          </reporter-output>
        </test-method> <!-- validAdminTest -->
        <test-method status="FAIL" signature="invalidAdminTest()[pri:0, instance:com.tests.PHPTravelsTest@7cf10a6f]" name="invalidAdminTest" duration-ms="10438" started-at="2018-10-16T16:16:30Z" finished-at="2018-10-16T16:16:40Z">
          <exception class="java.lang.AssertionError">
            <message>
              <![CDATA[expected [invalid credentials] but found [Invalid Login Credentials]]]>
            </message>
            <full-stacktrace>
              <![CDATA[java.lang.AssertionError: expected [invalid credentials] but found [Invalid Login Credentials]
	at org.testng.Assert.fail(Assert.java:94)
	at org.testng.Assert.failNotEquals(Assert.java:494)
	at org.testng.Assert.assertEquals(Assert.java:123)
	at org.testng.Assert.assertEquals(Assert.java:176)
	at org.testng.Assert.assertEquals(Assert.java:186)
	at com.tests.PHPTravelsTest.invalidAdminTest(PHPTravelsTest.java:57)
	at sun.reflect.NativeMethodAccessorImpl.invoke0(Native Method)
	at sun.reflect.NativeMethodAccessorImpl.invoke(NativeMethodAccessorImpl.java:62)
	at sun.reflect.DelegatingMethodAccessorImpl.invoke(DelegatingMethodAccessorImpl.java:43)
	at java.lang.reflect.Method.invoke(Method.java:498)
	at org.testng.internal.MethodInvocationHelper.invokeMethod(MethodInvocationHelper.java:84)
	at org.testng.internal.Invoker.invokeMethod(Invoker.java:714)
	at org.testng.internal.Invoker.invokeTestMethod(Invoker.java:901)
	at org.testng.internal.Invoker.invokeTestMethods(Invoker.java:1231)
	at org.testng.internal.TestMethodWorker.invokeTestMethods(TestMethodWorker.java:127)
	at org.testng.internal.TestMethodWorker.run(TestMethodWorker.java:111)
	at org.testng.TestRunner.privateRun(TestRunner.java:767)
	at org.testng.TestRunner.run(TestRunner.java:617)
	at org.testng.SuiteRunner.runTest(SuiteRunner.java:348)
	at org.testng.SuiteRunner.runSequentially(SuiteRunner.java:343)
	at org.testng.SuiteRunner.privateRun(SuiteRunner.java:305)
	at org.testng.SuiteRunner.run(SuiteRunner.java:254)
	at org.testng.SuiteRunnerWorker.runSuite(SuiteRunnerWorker.java:52)
	at org.testng.SuiteRunnerWorker.run(SuiteRunnerWorker.java:86)
	at org.testng.TestNG.runSuitesSequentially(TestNG.java:1224)
	at org.testng.TestNG.runSuitesLocally(TestNG.java:1149)
	at org.testng.TestNG.run(TestNG.java:1057)
	at org.apache.maven.surefire.testng.TestNGExecutor.run(TestNGExecutor.java:295)
	at org.apache.maven.surefire.testng.TestNGXmlTestSuite.execute(TestNGXmlTestSuite.java:84)
	at org.apache.maven.surefire.testng.TestNGProvider.invoke(TestNGProvider.java:90)
	at org.apache.maven.surefire.booter.ForkedBooter.invokeProviderInSameClassLoader(ForkedBooter.java:203)
	at org.apache.maven.surefire.booter.ForkedBooter.runSuitesInProcess(ForkedBooter.java:155)
	at org.apache.maven.surefire.booter.ForkedBooter.main(ForkedBooter.java:103)
]]>
            </full-stacktrace>
          </exception> <!-- java.lang.AssertionError -->
          <reporter-output>
          </reporter-output>
        </test-method> <!-- invalidAdminTest -->
        <test-method status="PASS" signature="closeTheApplication()[pri:0, instance:com.tests.PHPTravelsTest@7cf10a6f]" name="closeTheApplication" is-config="true" duration-ms="116" started-at="2018-10-16T16:16:40Z" finished-at="2018-10-16T16:16:40Z">
          <reporter-output>
          </reporter-output>
        </test-method> <!-- closeTheApplication -->
      </class> <!-- com.tests.PHPTravelsTest -->
    </test> <!-- Test -->
  </suite> <!-- Suite -->
</testng-results>
